<?xml version="1.0" encoding="UTF-8"?>
<testng-results ignored="0" total="3" passed="3" failed="0" skipped="0">
  <reporter-output>
    <line>
      <![CDATA[Extent Report Directory/Users/am/IdeaProjects/WebAutomation/ebay/target/surefire-reports/html]]>
    </line>
  </reporter-output>
  <suite started-at="2020-11-21T11:33:10 CST" name="Selenium Test Suite" finished-at="2020-11-21T11:33:27 CST" duration-ms="17032">
    <groups>
    </groups>
    <test started-at="2020-11-21T11:33:10 CST" name="Automation tests" finished-at="2020-11-21T11:33:27 CST" duration-ms="17032">
      <class name="com.ebaytest.HomePageValidation">
        <test-method is-config="true" signature="extentSetup(org.testng.ITestContext)[pri:0, instance:com.ebaytest.HomePageValidation@6c4980d3]" started-at="2020-11-21T11:33:09 CST" name="extentSetup" finished-at="2020-11-21T11:33:10 CST" duration-ms="399" status="PASS">
          <params>
            <param index="0">
              <value>
                <![CDATA[org.testng.TestRunner@5b275174]]>
              </value>
            </param>
          </params>
          <reporter-output>
            <line>
              <![CDATA[Extent Report Directory/Users/am/IdeaProjects/WebAutomation/ebay/target/surefire-reports/html]]>
            </line>
          </reporter-output>
        </test-method> <!-- extentSetup -->
        <test-method is-config="true" signature="setupDriver(java.lang.String, java.lang.String, java.lang.String, boolean, java.lang.String, java.lang.String)[pri:0, instance:com.ebaytest.HomePageValidation@6c4980d3]" started-at="2020-11-21T11:33:10 CST" name="setupDriver" finished-at="2020-11-21T11:33:14 CST" duration-ms="4566" status="PASS">
          <params>
            <param index="0">
              <value>
                <![CDATA[mac]]>
              </value>
            </param>
            <param index="1">
              <value>
                <![CDATA[https://www.ebay.com]]>
              </value>
            </param>
            <param index="2">
              <value>
                <![CDATA[chrome]]>
              </value>
            </param>
            <param index="3">
              <value>
                <![CDATA[false]]>
              </value>
            </param>
            <param index="4">
              <value>
                <![CDATA[77.0]]>
              </value>
            </param>
            <param index="5">
              <value>
                <![CDATA[saucelabs]]>
              </value>
            </param>
          </params>
          <reporter-output>
          </reporter-output>
        </test-method> <!-- setupDriver -->
        <test-method is-config="true" signature="startExtent(java.lang.reflect.Method)[pri:0, instance:com.ebaytest.HomePageValidation@6c4980d3]" started-at="2020-11-21T11:33:14 CST" name="startExtent" finished-at="2020-11-21T11:33:14 CST" duration-ms="5" status="PASS">
          <params>
            <param index="0">
              <value>
                <![CDATA[public void com.ebaytest.HomePageValidation.validateUserBeingAbleToTypeOnSearchBar()]]>
              </value>
            </param>
          </params>
          <reporter-output>
          </reporter-output>
        </test-method> <!-- startExtent -->
        <test-method signature="validateUserBeingAbleToTypeOnSearchBar()[pri:0, instance:com.ebaytest.HomePageValidation@6c4980d3]" started-at="2020-11-21T11:33:14 CST" name="validateUserBeingAbleToTypeOnSearchBar" finished-at="2020-11-21T11:33:14 CST" duration-ms="219" status="PASS">
          <reporter-output>
          </reporter-output>
        </test-method> <!-- validateUserBeingAbleToTypeOnSearchBar -->
        <test-method is-config="true" signature="afterEachTestMethod(org.testng.ITestResult)[pri:0, instance:com.ebaytest.HomePageValidation@6c4980d3]" started-at="2020-11-21T11:33:14 CST" name="afterEachTestMethod" finished-at="2020-11-21T11:33:15 CST" duration-ms="244" status="PASS">
          <params>
            <param index="0">
              <value>
                <![CDATA[[TestResult name=validateUserBeingAbleToTypeOnSearchBar status=SUCCESS method=HomePageValidation.validateUserBeingAbleToTypeOnSearchBar()[pri:0, instance:com.ebaytest.HomePageValidation@6c4980d3] output={null}]]]>
              </value>
            </param>
          </params>
          <reporter-output>
          </reporter-output>
        </test-method> <!-- afterEachTestMethod -->
        <test-method is-config="true" signature="cleanUp()[pri:0, instance:com.ebaytest.HomePageValidation@6c4980d3]" started-at="2020-11-21T11:33:15 CST" name="cleanUp" finished-at="2020-11-21T11:33:15 CST" duration-ms="135" status="PASS">
          <reporter-output>
          </reporter-output>
        </test-method> <!-- cleanUp -->
        <test-method is-config="true" signature="setupDriver(java.lang.String, java.lang.String, java.lang.String, boolean, java.lang.String, java.lang.String)[pri:0, instance:com.ebaytest.HomePageValidation@6c4980d3]" started-at="2020-11-21T11:33:15 CST" name="setupDriver" finished-at="2020-11-21T11:33:19 CST" duration-ms="4290" status="PASS">
          <params>
            <param index="0">
              <value>
                <![CDATA[mac]]>
              </value>
            </param>
            <param index="1">
              <value>
                <![CDATA[https://www.ebay.com]]>
              </value>
            </param>
            <param index="2">
              <value>
                <![CDATA[chrome]]>
              </value>
            </param>
            <param index="3">
              <value>
                <![CDATA[false]]>
              </value>
            </param>
            <param index="4">
              <value>
                <![CDATA[77.0]]>
              </value>
            </param>
            <param index="5">
              <value>
                <![CDATA[saucelabs]]>
              </value>
            </param>
          </params>
          <reporter-output>
          </reporter-output>
        </test-method> <!-- setupDriver -->
        <test-method is-config="true" signature="startExtent(java.lang.reflect.Method)[pri:0, instance:com.ebaytest.HomePageValidation@6c4980d3]" started-at="2020-11-21T11:33:19 CST" name="startExtent" finished-at="2020-11-21T11:33:19 CST" duration-ms="0" status="PASS">
          <params>
            <param index="0">
              <value>
                <![CDATA[public void com.ebaytest.HomePageValidation.validateUserCanClickOnRegister()]]>
              </value>
            </param>
          </params>
          <reporter-output>
          </reporter-output>
        </test-method> <!-- startExtent -->
        <test-method signature="validateUserCanClickOnRegister()[pri:0, instance:com.ebaytest.HomePageValidation@6c4980d3]" started-at="2020-11-21T11:33:19 CST" name="validateUserCanClickOnRegister" finished-at="2020-11-21T11:33:21 CST" duration-ms="1911" status="PASS">
          <reporter-output>
          </reporter-output>
        </test-method> <!-- validateUserCanClickOnRegister -->
        <test-method is-config="true" signature="afterEachTestMethod(org.testng.ITestResult)[pri:0, instance:com.ebaytest.HomePageValidation@6c4980d3]" started-at="2020-11-21T11:33:21 CST" name="afterEachTestMethod" finished-at="2020-11-21T11:33:21 CST" duration-ms="56" status="PASS">
          <params>
            <param index="0">
              <value>
                <![CDATA[[TestResult name=validateUserCanClickOnRegister status=SUCCESS method=HomePageValidation.validateUserCanClickOnRegister()[pri:0, instance:com.ebaytest.HomePageValidation@6c4980d3] output={null}]]]>
              </value>
            </param>
          </params>
          <reporter-output>
          </reporter-output>
        </test-method> <!-- afterEachTestMethod -->
        <test-method is-config="true" signature="cleanUp()[pri:0, instance:com.ebaytest.HomePageValidation@6c4980d3]" started-at="2020-11-21T11:33:21 CST" name="cleanUp" finished-at="2020-11-21T11:33:21 CST" duration-ms="126" status="PASS">
          <reporter-output>
          </reporter-output>
        </test-method> <!-- cleanUp -->
        <test-method is-config="true" signature="setupDriver(java.lang.String, java.lang.String, java.lang.String, boolean, java.lang.String, java.lang.String)[pri:0, instance:com.ebaytest.HomePageValidation@6c4980d3]" started-at="2020-11-21T11:33:21 CST" name="setupDriver" finished-at="2020-11-21T11:33:24 CST" duration-ms="3132" status="PASS">
          <params>
            <param index="0">
              <value>
                <![CDATA[mac]]>
              </value>
            </param>
            <param index="1">
              <value>
                <![CDATA[https://www.ebay.com]]>
              </value>
            </param>
            <param index="2">
              <value>
                <![CDATA[chrome]]>
              </value>
            </param>
            <param index="3">
              <value>
                <![CDATA[false]]>
              </value>
            </param>
            <param index="4">
              <value>
                <![CDATA[77.0]]>
              </value>
            </param>
            <param index="5">
              <value>
                <![CDATA[saucelabs]]>
              </value>
            </param>
          </params>
          <reporter-output>
          </reporter-output>
        </test-method> <!-- setupDriver -->
        <test-method is-config="true" signature="startExtent(java.lang.reflect.Method)[pri:0, instance:com.ebaytest.HomePageValidation@6c4980d3]" started-at="2020-11-21T11:33:24 CST" name="startExtent" finished-at="2020-11-21T11:33:24 CST" duration-ms="0" status="PASS">
          <params>
            <param index="0">
              <value>
                <![CDATA[public void com.ebaytest.HomePageValidation.validateUserIsAbleToClickOnDailyDeals()]]>
              </value>
            </param>
          </params>
          <reporter-output>
          </reporter-output>
        </test-method> <!-- startExtent -->
        <test-method signature="validateUserIsAbleToClickOnDailyDeals()[pri:0, instance:com.ebaytest.HomePageValidation@6c4980d3]" started-at="2020-11-21T11:33:24 CST" name="validateUserIsAbleToClickOnDailyDeals" finished-at="2020-11-21T11:33:27 CST" duration-ms="2120" status="PASS">
          <reporter-output>
          </reporter-output>
        </test-method> <!-- validateUserIsAbleToClickOnDailyDeals -->
        <test-method is-config="true" signature="afterEachTestMethod(org.testng.ITestResult)[pri:0, instance:com.ebaytest.HomePageValidation@6c4980d3]" started-at="2020-11-21T11:33:27 CST" name="afterEachTestMethod" finished-at="2020-11-21T11:33:27 CST" duration-ms="33" status="PASS">
          <params>
            <param index="0">
              <value>
                <![CDATA[[TestResult name=validateUserIsAbleToClickOnDailyDeals status=SUCCESS method=HomePageValidation.validateUserIsAbleToClickOnDailyDeals()[pri:0, instance:com.ebaytest.HomePageValidation@6c4980d3] output={null}]]]>
              </value>
            </param>
          </params>
          <reporter-output>
          </reporter-output>
        </test-method> <!-- afterEachTestMethod -->
        <test-method is-config="true" signature="cleanUp()[pri:0, instance:com.ebaytest.HomePageValidation@6c4980d3]" started-at="2020-11-21T11:33:27 CST" name="cleanUp" finished-at="2020-11-21T11:33:27 CST" duration-ms="135" status="PASS">
          <reporter-output>
          </reporter-output>
        </test-method> <!-- cleanUp -->
        <test-method is-config="true" signature="generateReport()[pri:0, instance:com.ebaytest.HomePageValidation@6c4980d3]" started-at="2020-11-21T11:33:27 CST" name="generateReport" finished-at="2020-11-21T11:33:27 CST" duration-ms="28" status="PASS">
          <reporter-output>
          </reporter-output>
        </test-method> <!-- generateReport -->
      </class> <!-- com.ebaytest.HomePageValidation -->
    </test> <!-- Automation tests -->
  </suite> <!-- Selenium Test Suite -->
</testng-results>
