<?xml version="1.0" encoding="UTF-8"?>
<testng-results ignored="0" total="1" passed="1" failed="0" skipped="0">
  <reporter-output>
  </reporter-output>
  <suite started-at="2020-11-21T09:47:19 CST" name="Selenium Test Suite" finished-at="2020-11-21T09:47:23 CST" duration-ms="4213">
    <groups>
    </groups>
    <test started-at="2020-11-21T09:47:19 CST" name="Automation tests" finished-at="2020-11-21T09:47:23 CST" duration-ms="4213">
      <class name="com.ebaytest.HomePageValidation">
        <test-method is-config="true" signature="setupDriver(java.lang.String, java.lang.String, java.lang.String, boolean, java.lang.String, java.lang.String)[pri:0, instance:com.ebaytest.HomePageValidation@be68757]" started-at="2020-11-21T09:47:19 CST" name="setupDriver" finished-at="2020-11-21T09:47:23 CST" duration-ms="3888" status="PASS">
          <params>
            <param index="0">
              <value>
                <![CDATA[mac]]>
              </value>
            </param>
            <param index="1">
              <value>
                <![CDATA[https://www.ebay.com]]>
              </value>
            </param>
            <param index="2">
              <value>
                <![CDATA[chrome]]>
              </value>
            </param>
            <param index="3">
              <value>
                <![CDATA[false]]>
              </value>
            </param>
            <param index="4">
              <value>
                <![CDATA[77.0]]>
              </value>
            </param>
            <param index="5">
              <value>
                <![CDATA[saucelabs]]>
              </value>
            </param>
          </params>
          <reporter-output>
          </reporter-output>
        </test-method> <!-- setupDriver -->
        <test-method signature="validateUserBeingAbleToTypeOnSearchBar()[pri:0, instance:com.ebaytest.HomePageValidation@be68757]" started-at="2020-11-21T09:47:23 CST" name="validateUserBeingAbleToTypeOnSearchBar" finished-at="2020-11-21T09:47:23 CST" duration-ms="299" status="PASS">
          <reporter-output>
          </reporter-output>
        </test-method> <!-- validateUserBeingAbleToTypeOnSearchBar -->
      </class> <!-- com.ebaytest.HomePageValidation -->
    </test> <!-- Automation tests -->
  </suite> <!-- Selenium Test Suite -->
</testng-results>
