<?xml version="1.0" encoding="UTF-8"?>
<!-- Generated by org.testng.reporters.JUnitXMLReporter -->
<testsuite ignored="0" hostname="Abirs-MacBook-Pro.local" failures="0" tests="3" name="Automation tests" time="17.032" errors="0" timestamp="2020-11-21T11:33:27 CST">
  <testcase classname="com.ebaytest.HomePageValidation" name="validateUserBeingAbleToTypeOnSearchBar" time="0.219"/>
  <testcase classname="com.ebaytest.HomePageValidation" name="validateUserCanClickOnRegister" time="1.911"/>
  <testcase classname="com.ebaytest.HomePageValidation" name="validateUserIsAbleToClickOnDailyDeals" time="2.12"/>
</testsuite> <!-- Automation tests -->
